<?xml version="1.0" encoding="UTF-8"?>
<!-- Generated by org.testng.reporters.JUnitReportReporter -->
<testsuite hostname="DESKTOP-E90QC01" failures="0" tests="4" name="com.test.TestNGFeatures" time="0.017" errors="0" timestamp="2024-09-19T13:22:49 IST" skipped="0">
  <testcase classname="com.test.TestNGFeatures" name="SearhcPage" time="0.002"/>
  <system-out/>
  <testcase classname="com.test.TestNGFeatures" name="HomePage" time="0.001"/>
  <system-out/>
  <testcase classname="com.test.TestNGFeatures" name="RegPageTest" time="0.001"/>
  <system-out/>
  <testcase classname="com.test.TestNGFeatures" name="LoginTest" time="0.013"/>
  <system-out/>
</testsuite> <!-- com.test.TestNGFeatures -->
