<?xml version="1.0" encoding="UTF-8"?>
<!-- Generated by org.testng.reporters.JUnitReportReporter -->
<testsuite hostname="DESKTOP-E90QC01" failures="0" tests="4" name="com.test.TestNGBasics" time="0.015" errors="0" timestamp="2024-09-18T19:28:22 IST" skipped="0">
  <testcase classname="com.test.TestNGBasics" name="searchTest" time="0.010"/>
  <system-out/>
  <testcase classname="com.test.TestNGBasics" name="googleTitleTest" time="0.001"/>
  <system-out/>
  <testcase classname="com.test.TestNGBasics" name="test1" time="0.002"/>
  <system-out/>
  <testcase classname="com.test.TestNGBasics" name="test2" time="0.002"/>
  <system-out/>
</testsuite> <!-- com.test.TestNGBasics -->
